<?xml version="1.0" encoding="UTF-8"?>
<!-- Generated by org.testng.reporters.JUnitReportReporter -->
<testsuite hostname="Somashekars-iMac.local" failures="0" tests="3" name="seleniumsessions.com.LinkTextDemo" time="50.248" errors="0" timestamp="2024-01-29T08:04:49 IST" skipped="0">
  <testcase classname="seleniumsessions.com.LinkTextDemo" name="cregistrationForm" time="25.658"/>
  <system-out/>
  <testcase classname="seleniumsessions.com.LinkTextDemo" name="agetTitleOfThePage" time="16.091"/>
  <system-out/>
  <testcase classname="seleniumsessions.com.LinkTextDemo" name="bgetCurrentUrlOfThePage" time="8.499"/>
  <system-out/>
</testsuite> <!-- seleniumsessions.com.LinkTextDemo -->
