<?xml version="1.0" encoding="UTF-8"?>
<!-- Generated by org.testng.reporters.JUnitReportReporter -->
<testsuite hostname="Somashekars-iMac.local" failures="0" tests="3" name="seleniumsessions.com.ParitalLinkText" time="44.340" errors="0" timestamp="2024-01-29T08:16:48 IST" skipped="0">
  <testcase classname="seleniumsessions.com.ParitalLinkText" name="cregistrationForm" time="25.376"/>
  <system-out/>
  <testcase classname="seleniumsessions.com.ParitalLinkText" name="agetTitleOfThePage" time="8.102"/>
  <system-out/>
  <testcase classname="seleniumsessions.com.ParitalLinkText" name="bgetCurrentUrlOfThePage" time="10.862"/>
  <system-out/>
</testsuite> <!-- seleniumsessions.com.ParitalLinkText -->
