<?xml version="1.0" encoding="UTF-8"?>
<!-- Generated by org.testng.reporters.JUnitReportReporter -->
<testsuite hostname="Somashekars-iMac.local" failures="0" tests="3" name="seleniumsessions.com.LocatorDemo3" time="44.391" errors="0" timestamp="2024-01-25T09:07:25 IST" skipped="0">
  <testcase classname="seleniumsessions.com.LocatorDemo3" name="bgetCurrentUrlOfThePage" time="8.027"/>
  <system-out/>
  <testcase classname="seleniumsessions.com.LocatorDemo3" name="cregistrationForm" time="28.340"/>
  <system-out/>
  <testcase classname="seleniumsessions.com.LocatorDemo3" name="agetTitleOfThePage" time="8.024"/>
  <system-out/>
</testsuite> <!-- seleniumsessions.com.LocatorDemo3 -->
