<?xml version="1.0" encoding="UTF-8"?>
<!-- Generated by org.testng.reporters.JUnitReportReporter -->
<testsuite hostname="Somashekars-iMac.local" failures="0" tests="3" name="seleniumsessions.com.FlipKartLogin" time="149.798" errors="0" timestamp="2024-01-25T09:30:17 IST" skipped="0">
  <testcase classname="seleniumsessions.com.FlipKartLogin" name="agetTitleOfThePage" time="36.500"/>
  <system-out/>
  <testcase classname="seleniumsessions.com.FlipKartLogin" name="bgetCurrentUrlOfThePage" time="39.376"/>
  <system-out/>
  <testcase classname="seleniumsessions.com.FlipKartLogin" name="cregistrationForm" time="73.922"/>
  <system-out/>
</testsuite> <!-- seleniumsessions.com.FlipKartLogin -->
