<?xml version="1.0" encoding="UTF-8"?>
<!-- Generated by org.testng.reporters.JUnitReportReporter -->
<testsuite hostname="Somashekars-iMac.local" failures="0" tests="3" name="seleniumsessions.com.LinkTextDemo2" time="49.787" errors="0" timestamp="2024-01-29T08:11:58 IST" skipped="0">
  <testcase classname="seleniumsessions.com.LinkTextDemo2" name="agetTitleOfThePage" time="9.327"/>
  <system-out/>
  <testcase classname="seleniumsessions.com.LinkTextDemo2" name="cregistrationForm" time="30.988"/>
  <system-out/>
  <testcase classname="seleniumsessions.com.LinkTextDemo2" name="bgetCurrentUrlOfThePage" time="9.472"/>
  <system-out/>
</testsuite> <!-- seleniumsessions.com.LinkTextDemo2 -->
