<?xml version="1.0" encoding="UTF-8"?>
<!-- Generated by org.testng.reporters.JUnitReportReporter -->
<testsuite hostname="Somashekars-iMac.local" failures="0" tests="3" name="seleniumsessions.com.LocatorsDemo" time="19.038" errors="0" timestamp="2024-01-25T08:28:34 IST" skipped="0">
  <testcase classname="seleniumsessions.com.LocatorsDemo" name="getTitleOfThePage" time="0.008"/>
  <system-out/>
  <testcase classname="seleniumsessions.com.LocatorsDemo" name="getCurrentUrlOfThePage" time="0.053"/>
  <system-out/>
  <testcase classname="seleniumsessions.com.LocatorsDemo" name="registrationForm" time="18.977"/>
  <system-out/>
</testsuite> <!-- seleniumsessions.com.LocatorsDemo -->
