<?xml version="1.0" encoding="UTF-8"?>
<!-- Generated by org.testng.reporters.JUnitReportReporter -->
<testsuite hostname="Somashekars-iMac.local" failures="0" tests="3" name="seleniumsessions.com.LocatorDemo2" time="43.609" errors="0" timestamp="2024-01-25T08:43:04 IST" skipped="0">
  <testcase classname="seleniumsessions.com.LocatorDemo2" name="bgetCurrentUrlOfThePage" time="7.338"/>
  <system-out/>
  <testcase classname="seleniumsessions.com.LocatorDemo2" name="agetTitleOfThePage" time="7.387"/>
  <system-out/>
  <testcase classname="seleniumsessions.com.LocatorDemo2" name="cregistrationForm" time="28.884"/>
  <system-out/>
</testsuite> <!-- seleniumsessions.com.LocatorDemo2 -->
