<?xml version="1.0" encoding="UTF-8"?>
<!-- Generated by org.testng.reporters.JUnitReportReporter -->
<testsuite hostname="Somashekars-iMac.local" failures="0" tests="1" name="seleniumsessions.com.DropDownDemo" time="31.260" errors="0" timestamp="2024-02-08T08:49:09 IST" skipped="0">
  <testcase classname="seleniumsessions.com.DropDownDemo" name="dropDownHandling" time="31.260"/>
  <system-out/>
</testsuite> <!-- seleniumsessions.com.DropDownDemo -->
