<?xml version="1.0" encoding="UTF-8"?>
<!-- Generated by org.testng.reporters.JUnitReportReporter -->
<testsuite hostname="Somashekars-iMac.local" failures="0" tests="1" name="seleniumsessions.com.DynamicwaitsDemo" time="18.853" errors="0" timestamp="2024-02-02T08:39:04 IST" skipped="0">
  <testcase classname="seleniumsessions.com.DynamicwaitsDemo" name="registrationForm" time="18.853"/>
  <system-out/>
</testsuite> <!-- seleniumsessions.com.DynamicwaitsDemo -->
