<?xml version="1.0" encoding="UTF-8"?>
<!-- Generated by org.testng.reporters.JUnitReportReporter -->
<testsuite hostname="Somashekars-iMac.local" failures="0" tests="1" name="seleniumsessions.com.AlertsDeme" time="11.728" errors="0" timestamp="2024-02-06T08:52:38 IST" skipped="0">
  <testcase classname="seleniumsessions.com.AlertsDeme" name="registrationForm" time="11.728"/>
  <system-out/>
</testsuite> <!-- seleniumsessions.com.AlertsDeme -->
