<?xml version="1.0" encoding="UTF-8"?>
<!-- Generated by org.testng.reporters.JUnitReportReporter -->
<testsuite hostname="Somashekars-iMac.local" failures="0" tests="1" name="seleniumsessions.com.ActionDemo2" time="21.143" errors="0" timestamp="2024-02-13T08:41:55 IST" skipped="0">
  <testcase classname="seleniumsessions.com.ActionDemo2" name="test1" time="21.143"/>
  <system-out/>
</testsuite> <!-- seleniumsessions.com.ActionDemo2 -->
