<?xml version="1.0" encoding="UTF-8"?>
<!-- Generated by org.testng.reporters.JUnitReportReporter -->
<testsuite hostname="Somashekars-iMac.local" failures="0" tests="1" name="seleniumsessions.com.XpathDemo2" time="28.758" errors="0" timestamp="2024-01-29T08:52:42 IST" skipped="0">
  <testcase classname="seleniumsessions.com.XpathDemo2" name="cregistrationForm" time="28.758"/>
  <system-out/>
</testsuite> <!-- seleniumsessions.com.XpathDemo2 -->
