<?xml version="1.0" encoding="UTF-8"?>
<!-- Generated by org.testng.reporters.JUnitReportReporter -->
<testsuite hostname="Somashekars-iMac.local" failures="0" tests="1" name="seleniumsessions.com.DropDownDemo3" time="43.120" errors="0" timestamp="2024-02-08T09:09:00 IST" skipped="0">
  <testcase classname="seleniumsessions.com.DropDownDemo3" name="dropDownHandling" time="43.120"/>
  <system-out/>
</testsuite> <!-- seleniumsessions.com.DropDownDemo3 -->
