<?xml version="1.0" encoding="UTF-8"?>
<!-- Generated by org.testng.reporters.JUnitReportReporter -->
<testsuite hostname="Somashekars-iMac.local" failures="0" tests="1" name="seleniumsessions.com.CSSSelectorDemo" time="66.239" errors="0" timestamp="2024-02-02T08:10:23 IST" skipped="0">
  <testcase classname="seleniumsessions.com.CSSSelectorDemo" name="registrationForm" time="66.239"/>
  <system-out/>
</testsuite> <!-- seleniumsessions.com.CSSSelectorDemo -->
