<?xml version="1.0" encoding="UTF-8"?>
<!-- Generated by org.testng.reporters.JUnitReportReporter -->
<testsuite hostname="Somashekars-iMac.local" failures="0" tests="1" name="seleniumsessions.com.DropDownDemo2" time="29.870" errors="0" timestamp="2024-02-08T08:40:30 IST" skipped="0">
  <testcase classname="seleniumsessions.com.DropDownDemo2" name="dropDownHandling" time="29.870"/>
  <system-out/>
</testsuite> <!-- seleniumsessions.com.DropDownDemo2 -->
