<?xml version="1.0" encoding="UTF-8"?>
<!-- Generated by org.testng.reporters.JUnitReportReporter -->
<testsuite hostname="Somashekars-iMac.local" failures="0" tests="1" name="seleniumsessions.com.ActionDemo4" time="8.602" errors="0" timestamp="2024-02-13T08:53:01 IST" skipped="0">
  <testcase classname="seleniumsessions.com.ActionDemo4" name="test1" time="8.602"/>
  <system-out/>
</testsuite> <!-- seleniumsessions.com.ActionDemo4 -->
