<?xml version="1.0" encoding="UTF-8"?>
<!-- Generated by org.testng.reporters.JUnitReportReporter -->
<testsuite hostname="Somashekars-iMac.local" failures="0" tests="1" name="seleniumsessions.com.WindowDemo2" time="0.035" errors="0" timestamp="2024-02-07T08:52:06 IST" skipped="0">
  <testcase classname="seleniumsessions.com.WindowDemo2" name="registrationForm" time="0.035"/>
  <system-out/>
</testsuite> <!-- seleniumsessions.com.WindowDemo2 -->
