<?xml version="1.0" encoding="UTF-8"?>
<!-- Generated by org.testng.reporters.JUnitReportReporter -->
<testsuite hostname="Somashekars-iMac.local" failures="0" tests="1" name="seleniumsessions.com.XpathDemo" time="25.832" errors="0" timestamp="2024-01-29T08:41:03 IST" skipped="0">
  <testcase classname="seleniumsessions.com.XpathDemo" name="cregistrationForm" time="25.832"/>
  <system-out/>
</testsuite> <!-- seleniumsessions.com.XpathDemo -->
