<?xml version="1.0" encoding="UTF-8"?>
<!-- Generated by org.testng.reporters.JUnitReportReporter -->
<testsuite hostname="Somashekars-iMac.local" failures="0" tests="1" name="seleniumsessions.com.LaunchBrowser" time="0.634" errors="0" timestamp="2024-01-24T09:09:42 IST" skipped="0">
  <testcase classname="seleniumsessions.com.LaunchBrowser" name="test11" time="0.634"/>
  <system-out/>
</testsuite> <!-- seleniumsessions.com.LaunchBrowser -->
