<?xml version="1.0" encoding="UTF-8"?>
<!-- Generated by org.testng.reporters.JUnitReportReporter -->
<testsuite hostname="Somashekars-iMac.local" failures="0" tests="1" name="seleniumsessions.com.DemoSigIn" time="113.045" errors="0" timestamp="2024-01-31T08:40:07 IST" skipped="0">
  <testcase classname="seleniumsessions.com.DemoSigIn" name="registrationForm" time="113.045"/>
  <system-out/>
</testsuite> <!-- seleniumsessions.com.DemoSigIn -->
