<?xml version="1.0" encoding="UTF-8"?>
<!-- Generated by org.testng.reporters.JUnitReportReporter -->
<testsuite hostname="Somashekars-iMac.local" failures="0" tests="1" name="seleniumsessions.com.FindelementsDemo" time="17.896" errors="0" timestamp="2024-02-06T08:03:54 IST" skipped="0">
  <testcase classname="seleniumsessions.com.FindelementsDemo" name="registrationForm" time="17.896"/>
  <system-out/>
</testsuite> <!-- seleniumsessions.com.FindelementsDemo -->
