<?xml version="1.0" encoding="UTF-8"?>
<!-- Generated by org.testng.reporters.JUnitReportReporter -->
<testsuite hostname="Somashekars-iMac.local" failures="0" tests="1" name="seleniumsessions.com.FindelementsDemo2" time="101.663" errors="0" timestamp="2024-02-06T08:12:41 IST" skipped="0">
  <testcase classname="seleniumsessions.com.FindelementsDemo2" name="registrationForm" time="101.663"/>
  <system-out/>
</testsuite> <!-- seleniumsessions.com.FindelementsDemo2 -->
