<?xml version="1.0" encoding="UTF-8"?>
<!-- Generated by org.testng.reporters.JUnitReportReporter -->
<testsuite hostname="Somashekars-iMac.local" failures="0" tests="1" name="seleniumsessions.com.NavigationCommandsDemo" time="46.039" errors="0" timestamp="2024-02-06T08:29:54 IST" skipped="0">
  <testcase classname="seleniumsessions.com.NavigationCommandsDemo" name="registrationForm" time="46.039"/>
  <system-out/>
</testsuite> <!-- seleniumsessions.com.NavigationCommandsDemo -->
