<?xml version="1.0" encoding="UTF-8"?>
<!-- Generated by org.testng.reporters.JUnitReportReporter -->
<testsuite hostname="Somashekars-iMac.local" failures="0" tests="1" name="seleniumsessions.com.WindowHandleDemo" time="22.410" errors="0" timestamp="2024-02-07T08:45:52 IST" skipped="0">
  <testcase classname="seleniumsessions.com.WindowHandleDemo" name="registrationForm" time="22.410"/>
  <system-out/>
</testsuite> <!-- seleniumsessions.com.WindowHandleDemo -->
