<?xml version="1.0" encoding="UTF-8"?>
<!-- Generated by org.testng.reporters.JUnitReportReporter -->
<testsuite hostname="Somashekars-iMac.local" failures="0" tests="3" name="seleniumsessions.com.TestNGAnnotationDemo" time="0.009" errors="0" timestamp="2024-01-24T08:58:29 IST" skipped="0">
  <testcase classname="seleniumsessions.com.TestNGAnnotationDemo" name="test12" time="0.001"/>
  <system-out/>
  <testcase classname="seleniumsessions.com.TestNGAnnotationDemo" name="test11" time="0.006"/>
  <system-out/>
  <testcase classname="seleniumsessions.com.TestNGAnnotationDemo" name="test13" time="0.002"/>
  <system-out/>
</testsuite> <!-- seleniumsessions.com.TestNGAnnotationDemo -->
