<?xml version="1.0" encoding="UTF-8"?>
<!-- Generated by org.testng.reporters.JUnitReportReporter -->
<testsuite hostname="Somashekars-iMac.local" failures="0" tests="3" name="seleniumsessions.com.ParitalLinkTextDemo2" time="47.434" errors="0" timestamp="2024-01-29T08:19:01 IST" skipped="0">
  <testcase classname="seleniumsessions.com.ParitalLinkTextDemo2" name="agetTitleOfThePage" time="9.384"/>
  <system-out/>
  <testcase classname="seleniumsessions.com.ParitalLinkTextDemo2" name="cregistrationForm" time="28.724"/>
  <system-out/>
  <testcase classname="seleniumsessions.com.ParitalLinkTextDemo2" name="bgetCurrentUrlOfThePage" time="9.326"/>
  <system-out/>
</testsuite> <!-- seleniumsessions.com.ParitalLinkTextDemo2 -->
